#! /opt/homebrew/Cellar/icarus-verilog/12.0/bin/vvp
:ivl_version "12.0 (stable)";
:ivl_delay_selection "TYPICAL";
:vpi_time_precision + 0;
:vpi_module "/opt/homebrew/Cellar/icarus-verilog/12.0/lib/ivl/system.vpi";
:vpi_module "/opt/homebrew/Cellar/icarus-verilog/12.0/lib/ivl/vhdl_sys.vpi";
:vpi_module "/opt/homebrew/Cellar/icarus-verilog/12.0/lib/ivl/vhdl_textio.vpi";
:vpi_module "/opt/homebrew/Cellar/icarus-verilog/12.0/lib/ivl/v2005_math.vpi";
:vpi_module "/opt/homebrew/Cellar/icarus-verilog/12.0/lib/ivl/va_math.vpi";
S_0x13760be30 .scope module, "PC" "PC" 2 2;
 .timescale 0 0;
    .port_info 0 /INPUT 1 "address";
    .port_info 1 /OUTPUT 1 "readAddress";
o0x138040010 .functor BUFZ 1, C4<z>; HiZ drive
v0x137612990_0 .net "address", 0 0, o0x138040010;  0 drivers
v0x137621c80_0 .var "readAddress", 0 0;
E_0x13760c760 .event anyedge, v0x137612990_0;
S_0x13760bfa0 .scope module, "instructionMemory" "instructionMemory" 3 3;
 .timescale 0 0;
    .port_info 0 /INPUT 10 "instructionAddress";
    .port_info 1 /OUTPUT 64 "instruction";
L_0x137622ca0 .functor BUFZ 64, L_0x137622a60, C4<0000000000000000000000000000000000000000000000000000000000000000>, C4<0000000000000000000000000000000000000000000000000000000000000000>, C4<0000000000000000000000000000000000000000000000000000000000000000>;
v0x137621d30_0 .net *"_ivl_0", 63 0, L_0x137622a60;  1 drivers
v0x137621de0_0 .net *"_ivl_2", 11 0, L_0x137622b40;  1 drivers
L_0x138078010 .functor BUFT 1, C4<00>, C4<0>, C4<0>, C4<0>;
v0x137621e90_0 .net *"_ivl_5", 1 0, L_0x138078010;  1 drivers
v0x137621f50_0 .net "instruction", 63 0, L_0x137622ca0;  1 drivers
o0x138040190 .functor BUFZ 10, C4<zzzzzzzzzz>; HiZ drive
v0x137622000_0 .net "instructionAddress", 9 0, o0x138040190;  0 drivers
v0x1376220f0 .array "memory", 0 1023, 63 0;
L_0x137622a60 .array/port v0x1376220f0, L_0x137622b40;
L_0x137622b40 .concat [ 10 2 0 0], o0x138040190, L_0x138078010;
S_0x1376074d0 .scope module, "mux2_1" "mux2_1" 4 1;
 .timescale 0 0;
    .port_info 0 /INPUT 1 "i0";
    .port_info 1 /INPUT 1 "i1";
    .port_info 2 /INPUT 1 "select";
    .port_info 3 /OUTPUT 1 "out";
o0x138040220 .functor BUFZ 1, C4<z>; HiZ drive
v0x137622200_0 .net "i0", 0 0, o0x138040220;  0 drivers
o0x138040250 .functor BUFZ 1, C4<z>; HiZ drive
v0x1376222b0_0 .net "i1", 0 0, o0x138040250;  0 drivers
v0x137622350_0 .var "out", 0 0;
o0x1380402b0 .functor BUFZ 1, C4<z>; HiZ drive
v0x137622400_0 .net "select", 0 0, o0x1380402b0;  0 drivers
E_0x1376221c0 .event anyedge, v0x137622400_0, v0x137622200_0, v0x1376222b0_0;
S_0x137607640 .scope module, "testbench" "testbench" 5 6;
 .timescale 0 0;
v0x1376228f0_0 .var "in_t", 31 0;
v0x1376229b0_0 .net "out_t", 63 0, v0x137622830_0;  1 drivers
S_0x137622500 .scope module, "m1" "immGen" 5 10, 6 3 0, S_0x137607640;
 .timescale 0 0;
    .port_info 0 /INPUT 32 "in";
    .port_info 1 /OUTPUT 64 "out";
v0x137622770_0 .net "in", 31 0, v0x1376228f0_0;  1 drivers
v0x137622830_0 .var "out", 63 0;
E_0x137622710 .event anyedge, v0x137622770_0;
    .scope S_0x13760be30;
T_0 ;
    %wait E_0x13760c760;
    %load/vec4 v0x137612990_0;
    %store/vec4 v0x137621c80_0, 0, 1;
    %jmp T_0;
    .thread T_0, $push;
    .scope S_0x13760bfa0;
T_1 ;
    %pushi/vec4 1, 0, 64;
    %ix/load 4, 0, 0;
    %flag_set/imm 4, 0;
    %store/vec4a v0x1376220f0, 4, 0;
    %pushi/vec4 4294967295, 0, 32;
    %concati/vec4 4294967294, 0, 32;
    %ix/load 4, 10, 0;
    %flag_set/imm 4, 0;
    %store/vec4a v0x1376220f0, 4, 0;
    %pushi/vec4 9, 0, 64;
    %ix/load 4, 1023, 0;
    %flag_set/imm 4, 0;
    %store/vec4a v0x1376220f0, 4, 0;
    %end;
    .thread T_1;
    .scope S_0x1376074d0;
T_2 ;
    %wait E_0x1376221c0;
    %load/vec4 v0x137622400_0;
    %dup/vec4;
    %pushi/vec4 0, 0, 1;
    %cmp/u;
    %jmp/1 T_2.0, 6;
    %dup/vec4;
    %pushi/vec4 1, 0, 1;
    %cmp/u;
    %jmp/1 T_2.1, 6;
    %jmp T_2.2;
T_2.0 ;
    %load/vec4 v0x137622200_0;
    %store/vec4 v0x137622350_0, 0, 1;
    %jmp T_2.2;
T_2.1 ;
    %load/vec4 v0x1376222b0_0;
    %store/vec4 v0x137622350_0, 0, 1;
    %jmp T_2.2;
T_2.2 ;
    %pop/vec4 1;
    %jmp T_2;
    .thread T_2, $push;
    .scope S_0x137622500;
T_3 ;
    %wait E_0x137622710;
    %load/vec4 v0x137622770_0;
    %parti/s 1, 31, 6;
    %flag_set/vec4 8;
    %jmp/0 T_3.0, 8;
    %pushi/vec4 4294967295, 0, 32;
    %load/vec4 v0x137622770_0;
    %concat/vec4; draw_concat_vec4
    %jmp/1 T_3.1, 8;
T_3.0 ; End of true expr.
    %pushi/vec4 0, 0, 32;
    %load/vec4 v0x137622770_0;
    %concat/vec4; draw_concat_vec4
    %jmp/0 T_3.1, 8;
 ; End of false expr.
    %blend;
T_3.1;
    %store/vec4 v0x137622830_0, 0, 64;
    %jmp T_3;
    .thread T_3, $push;
    .scope S_0x137607640;
T_4 ;
    %pushi/vec4 567, 0, 32;
    %store/vec4 v0x1376228f0_0, 0, 32;
    %delay 1, 0;
    %vpi_call 5 14 "$display", "%b -> %b", v0x1376228f0_0, v0x1376229b0_0 {0 0 0};
    %pushi/vec4 4294967295, 0, 32;
    %store/vec4 v0x1376228f0_0, 0, 32;
    %delay 1, 0;
    %vpi_call 5 16 "$display", "%b -> %b", v0x1376228f0_0, v0x1376229b0_0 {0 0 0};
    %end;
    .thread T_4;
# The file index is used to find the file name in the following table.
:file_names 7;
    "N/A";
    "<interactive>";
    "./PC.v";
    "./instructionMemory.v";
    "./mux2_1.v";
    "testbench.v";
    "./immGen.v";
